\BOOKMARK [1][-]{Doc-Start}{\376\377\000R\000\351\000s\000u\000m\000\351}{}% 1
\BOOKMARK [1][-]{Doc-Start}{\376\377\000I\000n\000t\000r\000o\000d\000u\000c\000t\000i\000o\000n}{}% 2
\BOOKMARK [1][-]{Doc-Start}{\376\377\000M\000\351\000t\000h\000o\000d\000e}{}% 3
\BOOKMARK [1][-]{Doc-Start}{\376\377\000R\000\351\000s\000u\000l\000t\000a\000t\000s}{}% 4
\BOOKMARK [2][-]{section*.1}{\376\377\000F\000o\000r\000m\000a\000t}{Doc-Start}% 5
\BOOKMARK [2][-]{section*.1}{\376\377\000M\000a\000n\000u\000s\000c\000r\000i\000p\000t\000\040\000L\000e\000n\000g\000t\000h}{Doc-Start}% 6
\BOOKMARK [2][-]{section*.1}{\376\377\000R\000e\000f\000e\000r\000e\000n\000c\000e\000s}{Doc-Start}% 7
\BOOKMARK [2][-]{section*.1}{\376\377\000D\000a\000t\000a\000\040\000A\000r\000c\000h\000i\000v\000a\000l}{Doc-Start}% 8
\BOOKMARK [2][-]{section*.1}{\376\377\000L\000a\000n\000g\000u\000a\000g\000e\000-\000E\000d\000i\000t\000i\000n\000g\000\040\000S\000e\000r\000v\000i\000c\000e\000s}{Doc-Start}% 9
\BOOKMARK [2][-]{figure.caption.2}{\376\377\000D\000i\000g\000i\000t\000a\000l\000\040\000F\000i\000g\000u\000r\000e\000s}{Doc-Start}% 10
\BOOKMARK [2][-]{figure.caption.2}{\376\377\000S\000i\000n\000g\000l\000e\000\040\000c\000o\000l\000u\000m\000n\000\040\000e\000q\000u\000a\000t\000i\000o\000n\000s}{Doc-Start}% 11
\BOOKMARK [2][-]{figure.caption.2}{\376\377\000S\000u\000p\000p\000o\000r\000t\000i\000n\000g\000\040\000I\000n\000f\000o\000r\000m\000a\000t\000i\000o\000n\000\040\000\050\000S\000I\000\051}{Doc-Start}% 12
\BOOKMARK [3][-]{section*.3}{\376\377\000S\000I\000\040\000T\000e\000x\000t}{figure.caption.2}% 13
\BOOKMARK [3][-]{section*.3}{\376\377\000S\000I\000\040\000F\000i\000g\000u\000r\000e\000s}{figure.caption.2}% 14
\BOOKMARK [3][-]{section*.3}{\376\377\0003\000D\000\040\000F\000i\000g\000u\000r\000e\000s}{figure.caption.2}% 15
\BOOKMARK [3][-]{section*.3}{\376\377\000S\000I\000\040\000T\000a\000b\000l\000e\000s}{figure.caption.2}% 16
\BOOKMARK [3][-]{section*.3}{\376\377\000S\000I\000\040\000D\000a\000t\000a\000s\000e\000t\000s}{figure.caption.2}% 17
\BOOKMARK [3][-]{section*.3}{\376\377\000S\000I\000\040\000M\000o\000v\000i\000e\000s}{figure.caption.2}% 18
\BOOKMARK [3][-]{section*.3}{\376\377\000S\000t\000i\000l\000l\000\040\000i\000m\000a\000g\000e\000s}{figure.caption.2}% 19
\BOOKMARK [3][-]{section*.3}{\376\377\000A\000p\000p\000e\000n\000d\000i\000c\000e\000s}{figure.caption.2}% 20
